<?xml version="1.0" encoding="UTF-8"?>
<coverage generated="1591963752958" clover="3.2.0">
  <project timestamp="1591963752958" name="All files">
    <metrics statements="48" coveredstatements="44" conditionals="45" coveredconditionals="15" methods="6" coveredmethods="5" elements="99" coveredelements="64" complexity="0" loc="48" ncloc="48" packages="3" files="7" classes="7"/>
    <package name="api">
      <metrics statements="8" coveredstatements="6" conditionals="0" coveredconditionals="0" methods="2" coveredmethods="1"/>
      <file name="http.js" path="C:\Workspace\Svelte\CursoSvelte\src\api\http.js">
        <metrics statements="2" coveredstatements="2" conditionals="0" coveredconditionals="0" methods="0" coveredmethods="0"/>
        <line num="3" count="4" type="stmt"/>
        <line num="5" count="4" type="stmt"/>
      </file>
      <file name="movie-api.js" path="C:\Workspace\Svelte\CursoSvelte\src\api\movie-api.js">
        <metrics statements="6" coveredstatements="4" conditionals="0" coveredconditionals="0" methods="2" coveredmethods="1"/>
        <line num="4" count="4" type="stmt"/>
        <line num="6" count="4" type="stmt"/>
        <line num="9" count="1" type="stmt"/>
        <line num="11" count="0" type="stmt"/>
        <line num="18" count="4" type="stmt"/>
        <line num="19" count="0" type="stmt"/>
      </file>
    </package>
    <package name="features.Movies">
      <metrics statements="34" coveredstatements="32" conditionals="45" coveredconditionals="15" methods="1" coveredmethods="1"/>
      <file name="MovieCard.svelte" path="C:\Workspace\Svelte\CursoSvelte\src\features\Movies\MovieCard.svelte">
        <metrics statements="12" coveredstatements="12" conditionals="30" coveredconditionals="3" methods="0" coveredmethods="0"/>
        <line num="2" count="3" type="stmt"/>
        <line num="3" count="3" type="stmt"/>
        <line num="4" count="3" type="stmt"/>
        <line num="6" count="12" type="stmt"/>
        <line num="8" count="12" type="stmt"/>
        <line num="11" count="32" type="stmt"/>
        <line num="19" count="12" type="cond" truecount="2" falsecount="0"/>
        <line num="21" count="12" type="cond" truecount="1" falsecount="7"/>
        <line num="26" count="12" type="cond" truecount="0" falsecount="4"/>
        <line num="29" count="12" type="cond" truecount="0" falsecount="8"/>
        <line num="30" count="12" type="cond" truecount="0" falsecount="4"/>
        <line num="32" count="12" type="cond" truecount="0" falsecount="4"/>
      </file>
      <file name="MovieList.svelte" path="C:\Workspace\Svelte\CursoSvelte\src\features\Movies\MovieList.svelte">
        <metrics statements="12" coveredstatements="10" conditionals="13" coveredconditionals="10" methods="1" coveredmethods="1"/>
        <line num="2" count="2" type="stmt"/>
        <line num="3" count="2" type="stmt"/>
        <line num="4" count="2" type="stmt"/>
        <line num="6" count="7" type="stmt"/>
        <line num="8" count="7" type="cond" truecount="2" falsecount="0"/>
        <line num="17" count="7" type="cond" truecount="5" falsecount="0"/>
        <line num="22" count="7" type="cond" truecount="2" falsecount="0"/>
        <line num="26" count="0" type="cond" truecount="0" falsecount="2"/>
        <line num="27" count="0" type="stmt"/>
        <line num="29" count="10" type="stmt"/>
        <line num="32" count="5" type="cond" truecount="1" falsecount="1"/>
        <line num="33" count="20" type="stmt"/>
      </file>
      <file name="MovieSearch.svelte" path="C:\Workspace\Svelte\CursoSvelte\src\features\Movies\MovieSearch.svelte">
        <metrics statements="8" coveredstatements="8" conditionals="2" coveredconditionals="2" methods="0" coveredmethods="0"/>
        <line num="4" count="2" type="stmt"/>
        <line num="5" count="2" type="stmt"/>
        <line num="6" count="3" type="stmt"/>
        <line num="9" count="1" type="stmt"/>
        <line num="10" count="1" type="stmt"/>
        <line num="13" count="3" type="stmt"/>
        <line num="16" count="1" type="stmt"/>
        <line num="31" count="9" type="stmt"/>
      </file>
      <file name="Movies.svelte" path="C:\Workspace\Svelte\CursoSvelte\src\features\Movies\Movies.svelte">
        <metrics statements="2" coveredstatements="2" conditionals="0" coveredconditionals="0" methods="0" coveredmethods="0"/>
        <line num="3" count="1" type="stmt"/>
        <line num="4" count="1" type="stmt"/>
      </file>
    </package>
    <package name="store">
      <metrics statements="6" coveredstatements="6" conditionals="0" coveredconditionals="0" methods="3" coveredmethods="3"/>
      <file name="index.js" path="C:\Workspace\Svelte\CursoSvelte\src\store\index.js">
        <metrics statements="6" coveredstatements="6" conditionals="0" coveredconditionals="0" methods="3" coveredmethods="3"/>
        <line num="3" count="5" type="stmt"/>
        <line num="9" count="5" type="stmt"/>
        <line num="14" count="5" type="stmt"/>
        <line num="15" count="10" type="stmt"/>
        <line num="16" count="10" type="stmt"/>
        <line num="17" count="10" type="stmt"/>
      </file>
    </package>
  </project>
</coverage>
