{"C:\\Workspace\\Svelte\\CursoSvelte\\src\\api\\http.js": {"path":"C:\\Workspace\\Svelte\\CursoSvelte\\src\\api\\http.js","statementMap":{"0":{"start":{"line":3,"column":23},"end":{"line":3,"column":57}},"1":{"start":{"line":5,"column":20},"end":{"line":7,"column":2}}},"fnMap":{},"branchMap":{},"s":{"0":4,"1":4},"f":{},"b":{},"_coverageSchema":"1a1c01bbd47fc00a2c39e90264f33305004495a9","hash":"445ec19236c60629cde9728b747a2ad15f8c7e51"}
,"C:\\Workspace\\Svelte\\CursoSvelte\\src\\api\\movie-api.js": {"path":"C:\\Workspace\\Svelte\\CursoSvelte\\src\\api\\movie-api.js","statementMap":{"0":{"start":{"line":4,"column":33},"end":{"line":4,"column":70}},"1":{"start":{"line":6,"column":27},"end":{"line":16,"column":1}},"2":{"start":{"line":9,"column":8},"end":{"line":9,"column":64}},"3":{"start":{"line":11,"column":4},"end":{"line":15,"column":7}},"4":{"start":{"line":18,"column":27},"end":{"line":22,"column":1}},"5":{"start":{"line":19,"column":4},"end":{"line":21,"column":7}}},"fnMap":{"0":{"name":"(anonymous_0)","decl":{"start":{"line":6,"column":27},"end":{"line":6,"column":28}},"loc":{"start":{"line":6,"column":43},"end":{"line":16,"column":1}},"line":6},"1":{"name":"(anonymous_1)","decl":{"start":{"line":18,"column":27},"end":{"line":18,"column":28}},"loc":{"start":{"line":18,"column":33},"end":{"line":22,"column":1}},"line":18}},"branchMap":{},"s":{"0":4,"1":4,"2":1,"3":0,"4":4,"5":0},"f":{"0":1,"1":0},"b":{},"_coverageSchema":"1a1c01bbd47fc00a2c39e90264f33305004495a9","hash":"74d90e7354838611f3c1ebd3275ce9a464b14d45"}
,"C:\\Workspace\\Svelte\\CursoSvelte\\src\\features\\Movies\\MovieCard.svelte": {"path":"C:\\Workspace\\Svelte\\CursoSvelte\\src\\features\\Movies\\MovieCard.svelte","statementMap":{"0":{"start":{"line":2,"column":14},"end":{"line":2,"column":null}},"1":{"start":{"line":3,"column":16},"end":{"line":3,"column":null}},"2":{"start":{"line":4,"column":26},"end":{"line":4,"column":null}},"3":{"start":{"line":21,"column":63},"end":{"line":21,"column":122}},"4":{"start":{"line":21,"column":102},"end":{"line":21,"column":122}},"5":{"start":{"line":21,"column":122},"end":{"line":21,"column":155}},"6":{"start":{"line":21,"column":155},"end":{"line":21,"column":null}},"7":{"start":{"line":26,"column":17},"end":{"line":26,"column":null}},"8":{"start":{"line":29,"column":54},"end":{"line":29,"column":88}},"9":{"start":{"line":29,"column":88},"end":{"line":29,"column":null}},"10":{"start":{"line":30,"column":58},"end":{"line":30,"column":null}},"11":{"start":{"line":32,"column":47},"end":{"line":32,"column":null}},"12":{"start":{"line":19,"column":9},"end":{"line":19,"column":null}},"13":{"start":{"line":26,"column":28},"end":{"line":26,"column":null}},"14":{"start":{"line":29,"column":72},"end":{"line":29,"column":88}},"15":{"start":{"line":29,"column":104},"end":{"line":29,"column":null}},"16":{"start":{"line":30,"column":77},"end":{"line":30,"column":null}},"17":{"start":{"line":32,"column":61},"end":{"line":32,"column":null}},"18":{"start":{"line":6,"column":16},"end":{"line":6,"column":null}},"19":{"start":{"line":8,"column":15},"end":{"line":8,"column":16}},"20":{"start":{"line":11,"column":4},"end":{"line":11,"column":null}}},"fnMap":{},"branchMap":{"0":{"loc":{"start":{"line":21,"column":63},"end":{"line":21,"column":122}},"type":"if","locations":[{"start":{"line":21,"column":63},"end":{"line":21,"column":122}},{"start":{"line":21,"column":63},"end":{"line":21,"column":122}}]},"1":{"loc":{"start":{"line":21,"column":63},"end":{"line":21,"column":80}},"type":"binary-expr","locations":[{"start":{"line":21,"column":63},"end":{"line":21,"column":80}},{"start":{"line":21,"column":63},"end":{"line":21,"column":122}}]},"2":{"loc":{"start":{"line":21,"column":122},"end":{"line":21,"column":127}},"type":"binary-expr","locations":[{"start":{"line":21,"column":122},"end":{"line":21,"column":127}},{"start":{"line":21,"column":122},"end":{"line":21,"column":155}}]},"3":{"loc":{"start":{"line":21,"column":155},"end":{"line":21,"column":160}},"type":"binary-expr","locations":[{"start":{"line":21,"column":155},"end":{"line":21,"column":160}},{"start":{"line":21,"column":155},"end":{"line":21,"column":null}}]},"4":{"loc":{"start":{"line":19,"column":9},"end":{"line":19,"column":28}},"type":"binary-expr","locations":[{"start":{"line":19,"column":9},"end":{"line":19,"column":28}},{"start":{"line":19,"column":28},"end":{"line":19,"column":null}}]},"5":{"loc":{"start":{"line":26,"column":17},"end":{"line":26,"column":null}},"type":"if","locations":[{"start":{"line":26,"column":17},"end":{"line":26,"column":null}},{"start":{"line":26,"column":17},"end":{"line":26,"column":null}}]},"6":{"loc":{"start":{"line":26,"column":17},"end":{"line":26,"column":22}},"type":"binary-expr","locations":[{"start":{"line":26,"column":17},"end":{"line":26,"column":22}},{"start":{"line":26,"column":17},"end":{"line":26,"column":null}}]},"7":{"loc":{"start":{"line":29,"column":54},"end":{"line":29,"column":88}},"type":"if","locations":[{"start":{"line":29,"column":54},"end":{"line":29,"column":88}},{"start":{"line":29,"column":54},"end":{"line":29,"column":88}}]},"8":{"loc":{"start":{"line":29,"column":54},"end":{"line":29,"column":59}},"type":"binary-expr","locations":[{"start":{"line":29,"column":54},"end":{"line":29,"column":59}},{"start":{"line":29,"column":54},"end":{"line":29,"column":88}}]},"9":{"loc":{"start":{"line":29,"column":88},"end":{"line":29,"column":null}},"type":"if","locations":[{"start":{"line":29,"column":88},"end":{"line":29,"column":null}},{"start":{"line":29,"column":88},"end":{"line":29,"column":null}}]},"10":{"loc":{"start":{"line":29,"column":88},"end":{"line":29,"column":93}},"type":"binary-expr","locations":[{"start":{"line":29,"column":88},"end":{"line":29,"column":93}},{"start":{"line":29,"column":88},"end":{"line":29,"column":null}}]},"11":{"loc":{"start":{"line":30,"column":58},"end":{"line":30,"column":null}},"type":"if","locations":[{"start":{"line":30,"column":58},"end":{"line":30,"column":null}},{"start":{"line":30,"column":58},"end":{"line":30,"column":null}}]},"12":{"loc":{"start":{"line":30,"column":58},"end":{"line":30,"column":63}},"type":"binary-expr","locations":[{"start":{"line":30,"column":58},"end":{"line":30,"column":63}},{"start":{"line":30,"column":58},"end":{"line":30,"column":null}}]},"13":{"loc":{"start":{"line":32,"column":47},"end":{"line":32,"column":null}},"type":"if","locations":[{"start":{"line":32,"column":47},"end":{"line":32,"column":null}},{"start":{"line":32,"column":47},"end":{"line":32,"column":null}}]},"14":{"loc":{"start":{"line":32,"column":47},"end":{"line":32,"column":52}},"type":"binary-expr","locations":[{"start":{"line":32,"column":47},"end":{"line":32,"column":52}},{"start":{"line":32,"column":47},"end":{"line":32,"column":null}}]}},"s":{"0":3,"1":3,"2":3,"3":12,"4":12,"5":12,"6":12,"7":12,"8":12,"9":12,"10":12,"11":12,"12":12,"13":0,"14":0,"15":0,"16":0,"17":0,"18":12,"19":12,"20":32},"f":{},"b":{"0":[12,0],"1":[0,0],"2":[0,0],"3":[0,0],"4":[12,12],"5":[0,0],"6":[0,0],"7":[0,0],"8":[0,0],"9":[0,0],"10":[0,0],"11":[0,0],"12":[0,0],"13":[0,0],"14":[0,0]}}
,"C:\\Workspace\\Svelte\\CursoSvelte\\src\\features\\Movies\\MovieList.svelte": {"path":"C:\\Workspace\\Svelte\\CursoSvelte\\src\\features\\Movies\\MovieList.svelte","statementMap":{"0":{"start":{"line":2,"column":12},"end":{"line":2,"column":null}},"1":{"start":{"line":3,"column":22},"end":{"line":3,"column":null}},"2":{"start":{"line":4,"column":16},"end":{"line":4,"column":null}},"3":{"start":{"line":29,"column":15},"end":{"line":29,"column":null}},"4":{"start":{"line":29,"column":10},"end":{"line":29,"column":14}},"5":{"start":{"line":26,"column":17},"end":{"line":26,"column":null}},"6":{"start":{"line":27,"column":18},"end":{"line":27,"column":null}},"7":{"start":{"line":33,"column":30},"end":{"line":33,"column":null}},"8":{"start":{"line":32,"column":22},"end":{"line":32,"column":null}},"9":{"start":{"line":17,"column":9},"end":{"line":17,"column":null}},"10":{"start":{"line":22,"column":9},"end":{"line":22,"column":null}},"11":{"start":{"line":6,"column":14},"end":{"line":6,"column":18}},"12":{"start":{"line":8,"column":19},"end":{"line":8,"column":null}},"13":{"start":{"line":8,"column":26},"end":{"line":8,"column":null}}},"fnMap":{"0":{"name":"(anonymous_35)","decl":{"start":{"line":8,"column":19},"end":{"line":8,"column":21}},"loc":{"start":{"line":8,"column":26},"end":{"line":8,"column":null}}}},"branchMap":{"0":{"loc":{"start":{"line":26,"column":17},"end":{"line":26,"column":null}},"type":"if","locations":[{"start":{"line":26,"column":17},"end":{"line":26,"column":null}},{"start":{"line":26,"column":17},"end":{"line":26,"column":null}}]},"1":{"loc":{"start":{"line":32,"column":22},"end":{"line":32,"column":null}},"type":"if","locations":[{"start":{"line":32,"column":22},"end":{"line":32,"column":null}},{"start":{"line":32,"column":22},"end":{"line":32,"column":null}}]},"2":{"loc":{"start":{"line":17,"column":9},"end":{"line":17,"column":27}},"type":"binary-expr","locations":[{"start":{"line":17,"column":9},"end":{"line":17,"column":27}},{"start":{"line":17,"column":27},"end":{"line":17,"column":46}},{"start":{"line":17,"column":46},"end":{"line":17,"column":null}}]},"3":{"loc":{"start":{"line":22,"column":9},"end":{"line":22,"column":23}},"type":"binary-expr","locations":[{"start":{"line":22,"column":9},"end":{"line":22,"column":23}},{"start":{"line":22,"column":23},"end":{"line":22,"column":null}}]},"4":{"loc":{"start":{"line":17,"column":9},"end":{"line":17,"column":27}},"type":"binary-expr","locations":[{"start":{"line":17,"column":9},"end":{"line":17,"column":27}},{"start":{"line":17,"column":27},"end":{"line":17,"column":46}}]},"5":{"loc":{"start":{"line":8,"column":43},"end":{"line":8,"column":60}},"type":"cond-expr","locations":[{"start":{"line":8,"column":43},"end":{"line":8,"column":60}},{"start":{"line":8,"column":60},"end":{"line":8,"column":null}}]}},"s":{"0":2,"1":2,"2":2,"3":10,"4":5,"5":0,"6":0,"7":20,"8":5,"9":7,"10":7,"11":7,"12":7,"13":5},"f":{"0":5},"b":{"0":[0,0],"1":[0,5],"2":[7,6,1],"3":[7,5],"4":[5,5],"5":[1,4]}}
,"C:\\Workspace\\Svelte\\CursoSvelte\\src\\features\\Movies\\MovieSearch.svelte": {"path":"C:\\Workspace\\Svelte\\CursoSvelte\\src\\features\\Movies\\MovieSearch.svelte","statementMap":{"0":{"start":{"line":4,"column":33},"end":{"line":4,"column":null}},"1":{"start":{"line":5,"column":14},"end":{"line":5,"column":null}},"2":{"start":{"line":31,"column":24},"end":{"line":31,"column":null}},"3":{"start":{"line":6,"column":11},"end":{"line":6,"column":17}},"4":{"start":{"line":9,"column":4},"end":{"line":9,"column":null}},"5":{"start":{"line":10,"column":4},"end":{"line":10,"column":null}},"6":{"start":{"line":13,"column":0},"end":{"line":13,"column":null}},"7":{"start":{"line":16,"column":4},"end":{"line":16,"column":null}}},"fnMap":{},"branchMap":{"0":{"loc":{"start":{"line":15,"column":6},"end":{"line":15,"column":24}},"type":"binary-expr","locations":[{"start":{"line":15,"column":6},"end":{"line":15,"column":24}},{"start":{"line":15,"column":28},"end":{"line":15,"column":39}}]}},"s":{"0":2,"1":2,"2":9,"3":3,"4":1,"5":1,"6":3,"7":1},"f":{},"b":{"0":[6,3]}}
,"C:\\Workspace\\Svelte\\CursoSvelte\\src\\features\\Movies\\Movies.svelte": {"path":"C:\\Workspace\\Svelte\\CursoSvelte\\src\\features\\Movies\\Movies.svelte","statementMap":{"0":{"start":{"line":3,"column":18},"end":{"line":3,"column":null}},"1":{"start":{"line":4,"column":16},"end":{"line":4,"column":null}}},"fnMap":{},"branchMap":{},"s":{"0":1,"1":1},"f":{},"b":{}}
,"C:\\Workspace\\Svelte\\CursoSvelte\\src\\store\\index.js": {"path":"C:\\Workspace\\Svelte\\CursoSvelte\\src\\store\\index.js","statementMap":{"0":{"start":{"line":3,"column":29},"end":{"line":6,"column":1}},"1":{"start":{"line":9,"column":21},"end":{"line":11,"column":2}},"2":{"start":{"line":14,"column":22},"end":{"line":19,"column":2}},"3":{"start":{"line":15,"column":4},"end":{"line":18,"column":7}},"4":{"start":{"line":15,"column":40},"end":{"line":15,"column":67}},"5":{"start":{"line":16,"column":8},"end":{"line":16,"column":80}},"6":{"start":{"line":17,"column":8},"end":{"line":17,"column":21}}},"fnMap":{"0":{"name":"(anonymous_0)","decl":{"start":{"line":14,"column":37},"end":{"line":14,"column":38}},"loc":{"start":{"line":14,"column":46},"end":{"line":19,"column":1}},"line":14},"1":{"name":"(anonymous_1)","decl":{"start":{"line":15,"column":31},"end":{"line":15,"column":32}},"loc":{"start":{"line":15,"column":40},"end":{"line":15,"column":67}},"line":15},"2":{"name":"(anonymous_2)","decl":{"start":{"line":15,"column":73},"end":{"line":15,"column":74}},"loc":{"start":{"line":15,"column":82},"end":{"line":18,"column":5}},"line":15}},"branchMap":{},"s":{"0":5,"1":5,"2":5,"3":7,"4":10,"5":10,"6":10},"f":{"0":7,"1":10,"2":10},"b":{},"_coverageSchema":"1a1c01bbd47fc00a2c39e90264f33305004495a9","hash":"d55285567d197d82195f4381afb14a909c52c394"}
}
