TN:
SF:src\api\http.js
FNF:0
FNH:0
DA:3,4
DA:5,4
LF:2
LH:2
BRF:0
BRH:0
end_of_record
TN:
SF:src\api\movie-api.js
FN:6,(anonymous_0)
FN:18,(anonymous_1)
FNF:2
FNH:1
FNDA:1,(anonymous_0)
FNDA:0,(anonymous_1)
DA:4,4
DA:6,4
DA:9,1
DA:11,0
DA:18,4
DA:19,0
LF:6
LH:4
BRF:0
BRH:0
end_of_record
TN:
SF:src\features\Movies\MovieCard.svelte
FNF:0
FNH:0
DA:2,3
DA:3,3
DA:4,3
DA:6,12
DA:8,12
DA:11,32
DA:19,12
DA:21,12
DA:26,12
DA:29,12
DA:30,12
DA:32,12
LF:12
LH:12
BRDA:21,0,0,12
BRDA:21,0,1,0
BRDA:21,1,0,0
BRDA:21,1,1,0
BRDA:21,2,0,0
BRDA:21,2,1,0
BRDA:21,3,0,0
BRDA:21,3,1,0
BRDA:19,4,0,12
BRDA:19,4,1,12
BRDA:26,5,0,0
BRDA:26,5,1,0
BRDA:26,6,0,0
BRDA:26,6,1,0
BRDA:29,7,0,0
BRDA:29,7,1,0
BRDA:29,8,0,0
BRDA:29,8,1,0
BRDA:29,9,0,0
BRDA:29,9,1,0
BRDA:29,10,0,0
BRDA:29,10,1,0
BRDA:30,11,0,0
BRDA:30,11,1,0
BRDA:30,12,0,0
BRDA:30,12,1,0
BRDA:32,13,0,0
BRDA:32,13,1,0
BRDA:32,14,0,0
BRDA:32,14,1,0
BRF:30
BRH:3
end_of_record
TN:
SF:src\features\Movies\MovieList.svelte
FN:8,(anonymous_35)
FNF:1
FNH:1
FNDA:5,(anonymous_35)
DA:2,2
DA:3,2
DA:4,2
DA:6,7
DA:8,7
DA:17,7
DA:22,7
DA:26,0
DA:27,0
DA:29,10
DA:32,5
DA:33,20
LF:12
LH:10
BRDA:26,0,0,0
BRDA:26,0,1,0
BRDA:32,1,0,0
BRDA:32,1,1,5
BRDA:17,2,0,7
BRDA:17,2,1,6
BRDA:17,2,2,1
BRDA:22,3,0,7
BRDA:22,3,1,5
BRDA:17,4,0,5
BRDA:17,4,1,5
BRDA:8,5,0,1
BRDA:8,5,1,4
BRF:13
BRH:10
end_of_record
TN:
SF:src\features\Movies\MovieSearch.svelte
FNF:0
FNH:0
DA:4,2
DA:5,2
DA:6,3
DA:9,1
DA:10,1
DA:13,3
DA:16,1
DA:31,9
LF:8
LH:8
BRDA:15,0,0,6
BRDA:15,0,1,3
BRF:2
BRH:2
end_of_record
TN:
SF:src\features\Movies\Movies.svelte
FNF:0
FNH:0
DA:3,1
DA:4,1
LF:2
LH:2
BRF:0
BRH:0
end_of_record
TN:
SF:src\store\index.js
FN:14,(anonymous_0)
FN:15,(anonymous_1)
FN:15,(anonymous_2)
FNF:3
FNH:3
FNDA:7,(anonymous_0)
FNDA:10,(anonymous_1)
FNDA:10,(anonymous_2)
DA:3,5
DA:9,5
DA:14,5
DA:15,10
DA:16,10
DA:17,10
LF:6
LH:6
BRF:0
BRH:0
end_of_record
